2016-04-08 19:53:53 Notice: Notice (8): Undefined index:  in [/opt/cakephp/cake/libs/model/model.php, line 1329]
2016-04-17 05:29:50 Notice: Notice (8): Undefined index:  in [/opt/cakephp/cake/libs/model/model.php, line 1329]
2016-04-21 09:40:54 Notice: Notice (8): Undefined index:  in [/opt/cakephp/cake/libs/model/model.php, line 1329]
2016-04-29 07:04:19 Notice: Notice (8): Undefined index:  in [/opt/cakephp/cake/libs/model/model.php, line 1329]
2016-04-29 17:57:20 Notice: Notice (8): Undefined index:  in [/opt/cakephp/cake/libs/model/model.php, line 1329]
2016-04-29 17:57:20 Notice: Notice (8): Undefined index:  in [/opt/cakephp/cake/libs/model/model.php, line 1329]
2016-04-29 18:04:13 Notice: Notice (8): A session had already been started - ignoring session_start() in [/home/tovar_samuel/public_html/soloplancho/controllers/entradas_controller.php, line 58]
2016-04-29 22:11:43 Notice: Notice (8): Undefined variable: mensaje in [/home/tovar_samuel/public_html/soloplancho/controllers/ordenes_controller.php, line 257]
2016-04-29 22:13:46 Notice: Notice (8): Undefined index:  in [/opt/cakephp/cake/libs/model/model.php, line 1329]
2016-04-29 22:13:46 Notice: Notice (8): Undefined index:  in [/opt/cakephp/cake/libs/model/model.php, line 1329]
2016-04-29 22:13:46 Notice: Notice (8): Undefined index:  in [/opt/cakephp/cake/libs/model/model.php, line 1329]
2016-04-29 22:13:46 Notice: Notice (8): Undefined index:  in [/opt/cakephp/cake/libs/model/model.php, line 1329]
2016-04-29 22:13:46 Notice: Notice (8): Undefined index:  in [/opt/cakephp/cake/libs/model/model.php, line 1329]
2016-04-29 22:13:46 Notice: Notice (8): Undefined index:  in [/opt/cakephp/cake/libs/model/model.php, line 1329]
2016-04-29 22:13:46 Notice: Notice (8): Undefined index:  in [/opt/cakephp/cake/libs/model/model.php, line 1329]
2016-04-29 22:13:46 Notice: Notice (8): Undefined index:  in [/opt/cakephp/cake/libs/model/model.php, line 1329]
2016-04-29 22:13:46 Notice: Notice (8): Undefined index:  in [/opt/cakephp/cake/libs/model/model.php, line 1329]
2016-04-29 22:13:46 Notice: Notice (8): Undefined index:  in [/opt/cakephp/cake/libs/model/model.php, line 1329]
2016-04-29 22:13:46 Notice: Notice (8): Undefined index:  in [/opt/cakephp/cake/libs/model/model.php, line 1329]
2016-04-29 22:34:01 Notice: Notice (8): A session had already been started - ignoring session_start() in [/home/tovar_samuel/public_html/soloplancho/controllers/entradas_controller.php, line 58]
2016-05-05 17:00:40 Notice: Notice (8): Undefined index: calle_av in [/home/tovar_samuel/public_html/soloplancho/views/ordenes/recibirordenes.ctp, line 39]
2016-05-05 17:00:40 Notice: Notice (8): Undefined index: localidad in [/home/tovar_samuel/public_html/soloplancho/views/ordenes/recibirordenes.ctp, line 40]
2016-05-05 17:03:02 Notice: Notice (8): Undefined index: calle_av in [/home/tovar_samuel/public_html/soloplancho/views/ordenes/recibirordenes.ctp, line 39]
2016-05-05 17:03:02 Notice: Notice (8): Undefined index: localidad in [/home/tovar_samuel/public_html/soloplancho/views/ordenes/recibirordenes.ctp, line 40]
2016-05-05 17:03:17 Notice: Notice (8): Undefined variable: mensaje in [/home/tovar_samuel/public_html/soloplancho/controllers/ordenes_controller.php, line 257]
2016-05-05 17:03:18 Notice: Notice (8): Undefined index: calle_av in [/home/tovar_samuel/public_html/soloplancho/views/ordenes/info_orden.ctp, line 9]
2016-05-05 17:03:18 Notice: Notice (8): Undefined index: localidad in [/home/tovar_samuel/public_html/soloplancho/views/ordenes/info_orden.ctp, line 10]
2016-05-05 17:03:27 Notice: Notice (8): Undefined index: calle_av in [/home/tovar_samuel/public_html/soloplancho/views/ordenes/info_orden.ctp, line 9]
2016-05-05 17:03:27 Notice: Notice (8): Undefined index: localidad in [/home/tovar_samuel/public_html/soloplancho/views/ordenes/info_orden.ctp, line 10]
2016-05-05 17:04:45 Notice: Notice (8): Undefined index: calle_av in [/home/tovar_samuel/public_html/soloplancho/views/ordenes/recibirordenes.ctp, line 39]
2016-05-05 17:04:45 Notice: Notice (8): Undefined index: localidad in [/home/tovar_samuel/public_html/soloplancho/views/ordenes/recibirordenes.ctp, line 40]
2016-05-05 17:08:01 Notice: Notice (8): Undefined index:  in [/opt/cakephp/cake/libs/model/model.php, line 1329]
2016-05-05 17:08:19 Notice: Notice (8): Undefined index:  in [/opt/cakephp/cake/libs/model/model.php, line 1329]
2016-05-05 17:08:20 Notice: Notice (8): Undefined index:  in [/opt/cakephp/cake/libs/model/model.php, line 1329]
2016-05-05 17:08:42 Notice: Notice (8): Undefined index:  in [/opt/cakephp/cake/libs/model/model.php, line 1329]
2016-05-05 17:08:54 Notice: Notice (8): Undefined index: calle_av in [/home/tovar_samuel/public_html/soloplancho/views/ordenes/verificarordenes.ctp, line 43]
2016-05-05 17:08:54 Notice: Notice (8): Undefined index: localidad in [/home/tovar_samuel/public_html/soloplancho/views/ordenes/verificarordenes.ctp, line 44]
2016-05-05 17:10:45 Notice: Notice (8): Undefined index: calle_av in [/home/tovar_samuel/public_html/soloplancho/views/ordenes/pdf_facturaenviar.ctp, line 58]
2016-05-05 17:10:45 Notice: Notice (8): Undefined index: localidad in [/home/tovar_samuel/public_html/soloplancho/views/ordenes/pdf_facturaenviar.ctp, line 59]
2016-05-05 17:11:49 Notice: Notice (8): Undefined index: calle_av in [/home/tovar_samuel/public_html/soloplancho/views/ordenes/pendientepagos.ctp, line 37]
2016-05-05 17:11:49 Notice: Notice (8): Undefined index: localidad in [/home/tovar_samuel/public_html/soloplancho/views/ordenes/pendientepagos.ctp, line 38]
2016-05-05 17:14:42 Notice: Notice (8): Undefined index: calle_av in [/home/tovar_samuel/public_html/soloplancho/views/ordenes/asignar_entrega.ctp, line 37]
2016-05-05 17:14:42 Notice: Notice (8): Undefined index: localidad in [/home/tovar_samuel/public_html/soloplancho/views/ordenes/asignar_entrega.ctp, line 38]
2016-05-05 17:15:02 Notice: Notice (8): Undefined index: calle_av in [/home/tovar_samuel/public_html/soloplancho/views/ordenes/asignar_entrega.ctp, line 37]
2016-05-05 17:15:02 Notice: Notice (8): Undefined index: localidad in [/home/tovar_samuel/public_html/soloplancho/views/ordenes/asignar_entrega.ctp, line 38]
2016-05-05 17:15:48 Notice: Notice (8): Undefined index: calle_av in [/home/tovar_samuel/public_html/soloplancho/views/ordenes/deliverydatos.ctp, line 32]
2016-05-05 17:15:48 Notice: Notice (8): Undefined index: localidad in [/home/tovar_samuel/public_html/soloplancho/views/ordenes/deliverydatos.ctp, line 33]
2016-05-08 06:31:57 Notice: Notice (8): A session had already been started - ignoring session_start() in [/home/tovar_samuel/public_html/soloplancho/controllers/entradas_controller.php, line 58]
2016-05-09 02:44:27 Notice: Notice (8): Undefined variable: mensaje in [/home/tovar_samuel/public_html/soloplancho/controllers/ordenes_controller.php, line 257]
2016-05-09 03:17:33 Notice: Notice (8): Undefined index:  in [/opt/cakephp/cake/libs/model/model.php, line 1329]
2016-05-13 14:06:40 Notice: Notice (8): Undefined property: ClientesController::$RechazaClausula in [/home/tovar_samuel/public_html/soloplancho/controllers/clientes_controller.php, line 307]
2016-05-13 14:06:51 Notice: Notice (8): Undefined property: ClientesController::$RechazaClausula in [/home/tovar_samuel/public_html/soloplancho/controllers/clientes_controller.php, line 307]
2016-05-13 14:07:11 Notice: Notice (8): Undefined property: ClientesController::$RechazaClausula in [/home/tovar_samuel/public_html/soloplancho/controllers/clientes_controller.php, line 307]
2016-05-13 14:07:31 Notice: Notice (8): Undefined property: ClientesController::$RechazaClausula in [/home/tovar_samuel/public_html/soloplancho/controllers/clientes_controller.php, line 307]
2016-05-13 14:07:51 Notice: Notice (8): Undefined property: ClientesController::$RechazaClausula in [/home/tovar_samuel/public_html/soloplancho/controllers/clientes_controller.php, line 307]
2016-05-13 14:08:11 Notice: Notice (8): Undefined property: ClientesController::$RechazaClausula in [/home/tovar_samuel/public_html/soloplancho/controllers/clientes_controller.php, line 307]
2016-05-13 14:08:31 Notice: Notice (8): Undefined property: ClientesController::$RechazaClausula in [/home/tovar_samuel/public_html/soloplancho/controllers/clientes_controller.php, line 307]
2016-05-13 14:08:51 Notice: Notice (8): Undefined property: ClientesController::$RechazaClausula in [/home/tovar_samuel/public_html/soloplancho/controllers/clientes_controller.php, line 307]
2016-05-13 14:09:11 Notice: Notice (8): Undefined property: ClientesController::$RechazaClausula in [/home/tovar_samuel/public_html/soloplancho/controllers/clientes_controller.php, line 307]
2016-05-13 14:09:31 Notice: Notice (8): Undefined property: ClientesController::$RechazaClausula in [/home/tovar_samuel/public_html/soloplancho/controllers/clientes_controller.php, line 307]
2016-05-13 14:09:51 Notice: Notice (8): Undefined property: ClientesController::$RechazaClausula in [/home/tovar_samuel/public_html/soloplancho/controllers/clientes_controller.php, line 307]
2016-05-13 14:10:11 Notice: Notice (8): Undefined property: ClientesController::$RechazaClausula in [/home/tovar_samuel/public_html/soloplancho/controllers/clientes_controller.php, line 307]
2016-05-13 14:10:31 Notice: Notice (8): Undefined property: ClientesController::$RechazaClausula in [/home/tovar_samuel/public_html/soloplancho/controllers/clientes_controller.php, line 307]
2016-05-13 14:10:52 Notice: Notice (8): Undefined property: ClientesController::$RechazaClausula in [/home/tovar_samuel/public_html/soloplancho/controllers/clientes_controller.php, line 307]
2016-05-13 14:11:05 Notice: Notice (8): Undefined property: ClientesController::$RechazaClausula in [/home/tovar_samuel/public_html/soloplancho/controllers/clientes_controller.php, line 307]
2016-05-13 14:11:25 Notice: Notice (8): Undefined property: ClientesController::$RechazaClausula in [/home/tovar_samuel/public_html/soloplancho/controllers/clientes_controller.php, line 307]
2016-05-13 14:11:45 Notice: Notice (8): Undefined property: ClientesController::$RechazaClausula in [/home/tovar_samuel/public_html/soloplancho/controllers/clientes_controller.php, line 307]
2016-05-13 14:12:05 Notice: Notice (8): Undefined property: ClientesController::$RechazaClausula in [/home/tovar_samuel/public_html/soloplancho/controllers/clientes_controller.php, line 307]
2016-05-13 14:12:25 Notice: Notice (8): Undefined property: ClientesController::$RechazaClausula in [/home/tovar_samuel/public_html/soloplancho/controllers/clientes_controller.php, line 307]
2016-05-13 14:12:45 Notice: Notice (8): Undefined property: ClientesController::$RechazaClausula in [/home/tovar_samuel/public_html/soloplancho/controllers/clientes_controller.php, line 307]
2016-05-13 14:13:05 Notice: Notice (8): Undefined property: ClientesController::$RechazaClausula in [/home/tovar_samuel/public_html/soloplancho/controllers/clientes_controller.php, line 307]
2016-05-13 14:13:08 Notice: Notice (8): Undefined property: ClientesController::$RechazaClausula in [/home/tovar_samuel/public_html/soloplancho/controllers/clientes_controller.php, line 307]
2016-05-13 14:13:12 Notice: Notice (8): Undefined property: ClientesController::$RechazaClausula in [/home/tovar_samuel/public_html/soloplancho/controllers/clientes_controller.php, line 307]
2016-05-13 14:13:32 Notice: Notice (8): Undefined property: ClientesController::$RechazaClausula in [/home/tovar_samuel/public_html/soloplancho/controllers/clientes_controller.php, line 307]
2016-05-13 14:13:52 Notice: Notice (8): Undefined property: ClientesController::$RechazaClausula in [/home/tovar_samuel/public_html/soloplancho/controllers/clientes_controller.php, line 307]
2016-05-13 14:14:12 Notice: Notice (8): Undefined property: ClientesController::$RechazaClausula in [/home/tovar_samuel/public_html/soloplancho/controllers/clientes_controller.php, line 307]
2016-05-13 15:13:44 Notice: Notice (8): Undefined index: UsuarioOrden in [/home/tovar_samuel/public_html/soloplancho/controllers/ordenes_controller.php, line 90]
2016-05-13 16:28:01 Notice: Notice (8): Undefined index:  in [/opt/cakephp/cake/libs/model/model.php, line 1329]
2016-05-13 16:28:24 Notice: Notice (8): Undefined index:  in [/opt/cakephp/cake/libs/model/model.php, line 1329]
2016-05-13 16:28:50 Notice: Notice (8): Undefined index:  in [/opt/cakephp/cake/libs/model/model.php, line 1329]
2016-05-13 16:29:28 Notice: Notice (8): Undefined index:  in [/opt/cakephp/cake/libs/model/model.php, line 1329]
2016-05-13 16:30:04 Notice: Notice (8): Undefined index:  in [/opt/cakephp/cake/libs/model/model.php, line 1329]
2016-05-13 16:30:28 Notice: Notice (8): Undefined index:  in [/opt/cakephp/cake/libs/model/model.php, line 1329]
2016-05-13 16:30:51 Notice: Notice (8): Undefined index:  in [/opt/cakephp/cake/libs/model/model.php, line 1329]
2016-05-13 16:31:03 Notice: Notice (8): Undefined index:  in [/opt/cakephp/cake/libs/model/model.php, line 1329]
2016-05-13 16:31:25 Notice: Notice (8): Undefined index:  in [/opt/cakephp/cake/libs/model/model.php, line 1329]
2016-05-13 16:31:31 Notice: Notice (8): Undefined index:  in [/opt/cakephp/cake/libs/model/model.php, line 1329]
2016-05-13 16:31:37 Notice: Notice (8): Undefined index:  in [/opt/cakephp/cake/libs/model/model.php, line 1329]
2016-05-13 16:31:44 Notice: Notice (8): Undefined index:  in [/opt/cakephp/cake/libs/model/model.php, line 1329]
2016-05-13 16:35:28 Notice: Notice (8): Undefined index:  in [/opt/cakephp/cake/libs/model/model.php, line 1329]
2016-05-13 16:35:34 Notice: Notice (8): Undefined index:  in [/opt/cakephp/cake/libs/model/model.php, line 1329]
2016-05-15 21:07:15 Notice: Notice (8): Undefined index: UsuarioOrden in [/home/tovar_samuel/public_html/soloplancho/controllers/ordenes_controller.php, line 90]
2016-05-15 21:08:27 Notice: Notice (8): Undefined index: UsuarioOrden in [/home/tovar_samuel/public_html/soloplancho/controllers/ordenes_controller.php, line 90]
2016-05-16 04:35:04 Notice: Notice (8): Undefined index:  in [/opt/cakephp/cake/libs/model/model.php, line 1329]
2016-05-16 04:35:50 Notice: Notice (8): Undefined index:  in [/opt/cakephp/cake/libs/model/model.php, line 1329]
2016-05-16 04:36:20 Notice: Notice (8): Undefined index:  in [/opt/cakephp/cake/libs/model/model.php, line 1329]
2016-05-16 04:48:03 Notice: Notice (8): Undefined index:  in [/opt/cakephp/cake/libs/model/model.php, line 1329]
2016-05-28 03:07:31 Notice: Notice (8): A session had already been started - ignoring session_start() in [/home/tovar_samuel/public_html/soloplancho/controllers/entradas_controller.php, line 58]
2016-05-28 03:09:40 Notice: Notice (8): A session had already been started - ignoring session_start() in [/home/tovar_samuel/public_html/soloplancho/controllers/entradas_controller.php, line 58]
2016-05-28 05:04:34 Notice: Notice (8): Undefined index:  in [/opt/cakephp/cake/libs/model/model.php, line 1329]
2016-05-28 05:04:58 Notice: Notice (8): Undefined index:  in [/opt/cakephp/cake/libs/model/model.php, line 1329]
2016-05-28 05:33:12 Notice: Notice (8): A session had already been started - ignoring session_start() in [/home/tovar_samuel/public_html/soloplancho/controllers/entradas_controller.php, line 58]
2016-05-28 05:34:20 Notice: Notice (8): A session had already been started - ignoring session_start() in [/home/tovar_samuel/public_html/soloplancho/controllers/entradas_controller.php, line 58]
2016-05-28 05:50:55 Notice: Notice (8): Undefined index: UsuarioOrden in [/home/tovar_samuel/public_html/soloplancho/controllers/ordenes_controller.php, line 90]
2016-06-12 03:50:58 Notice: Notice (8): A session had already been started - ignoring session_start() in [/home/tovar_samuel/public_html/soloplancho/controllers/entradas_controller.php, line 58]
2016-06-12 21:09:41 Notice: Notice (8): A session had already been started - ignoring session_start() in [/home/tovar_samuel/public_html/soloplancho/controllers/entradas_controller.php, line 58]
2016-06-24 18:53:47 Notice: Notice (8): Undefined index:  in [/opt/cakephp/cake/libs/model/model.php, line 1329]
2016-06-24 18:54:00 Notice: Notice (8): Undefined index:  in [/opt/cakephp/cake/libs/model/model.php, line 1329]
2016-06-24 18:54:09 Notice: Notice (8): Undefined index:  in [/opt/cakephp/cake/libs/model/model.php, line 1329]
2016-06-24 18:54:22 Notice: Notice (8): Undefined index:  in [/opt/cakephp/cake/libs/model/model.php, line 1329]
2016-06-24 18:54:34 Notice: Notice (8): Undefined index:  in [/opt/cakephp/cake/libs/model/model.php, line 1329]
2016-06-24 19:19:19 Notice: Notice (8): Undefined index: UsuarioOrden in [/home/tovar_samuel/public_html/soloplancho/controllers/ordenes_controller.php, line 90]
2016-06-27 03:42:59 Notice: Notice (8): Undefined index:  in [/opt/cakephp/cake/libs/model/model.php, line 1329]
2016-06-27 03:43:12 Notice: Notice (8): Undefined index:  in [/opt/cakephp/cake/libs/model/model.php, line 1329]
2016-06-30 03:43:20 Notice: Notice (8): A session had already been started - ignoring session_start() in [/home/tovar_samuel/public_html/soloplancho/controllers/entradas_controller.php, line 58]
2016-07-11 06:11:50 Notice: Notice (8): Undefined variable: tate in [/home/tovar_samuel/public_html/soloplancho/controllers/usuarios_controller.php, line 60]
2016-07-12 01:09:16 Notice: Notice (8): Undefined variable: tate in [/home/tovar_samuel/public_html/soloplancho/controllers/usuarios_controller.php, line 60]
2016-07-13 23:33:44 Notice: Notice (8): Undefined variable: tate in [/home/tovar_samuel/public_html/soloplancho/controllers/usuarios_controller.php, line 60]
2016-07-13 23:55:35 Notice: Notice (8): Undefined index:  in [/opt/cakephp/cake/libs/model/model.php, line 1329]
2016-07-13 23:56:08 Notice: Notice (8): Undefined index:  in [/opt/cakephp/cake/libs/model/model.php, line 1329]
2016-07-13 23:56:34 Notice: Notice (8): Undefined index:  in [/opt/cakephp/cake/libs/model/model.php, line 1329]
2016-07-14 00:28:43 Notice: Notice (8): Undefined index: UsuarioOrden in [/home/tovar_samuel/public_html/soloplancho/controllers/ordenes_controller.php, line 90]
2016-07-14 00:29:12 Notice: Notice (8): Undefined index: UsuarioOrden in [/home/tovar_samuel/public_html/soloplancho/controllers/ordenes_controller.php, line 90]
2016-07-16 19:25:28 Notice: Notice (8): Undefined variable: tate in [/home/tovar_samuel/public_html/soloplancho/controllers/usuarios_controller.php, line 60]
2016-07-16 19:28:42 Notice: Notice (8): A session had already been started - ignoring session_start() in [/home/tovar_samuel/public_html/soloplancho/controllers/entradas_controller.php, line 58]
2016-07-22 21:43:58 Notice: Notice (8): Undefined variable: tate in [/home/tovar_samuel/public_html/soloplancho/controllers/usuarios_controller.php, line 60]
2016-07-22 21:44:46 Notice: Notice (8): Undefined index: UsuarioOrden in [/home/tovar_samuel/public_html/soloplancho/controllers/ordenes_controller.php, line 90]
2016-07-22 21:44:56 Notice: Notice (8): Undefined index: UsuarioOrden in [/home/tovar_samuel/public_html/soloplancho/controllers/ordenes_controller.php, line 90]
2016-07-22 21:50:50 Notice: Notice (8): Undefined index:  in [/opt/cakephp/cake/libs/model/model.php, line 1329]
2016-07-22 22:14:31 Notice: Notice (8): A session had already been started - ignoring session_start() in [/home/tovar_samuel/public_html/soloplancho/controllers/entradas_controller.php, line 58]
2016-07-24 17:06:30 Notice: Notice (8): Undefined index: UsuarioOrden in [/home/tovar_samuel/public_html/soloplancho/controllers/ordenes_controller.php, line 90]
2016-07-24 22:05:10 Notice: Notice (8): A session had already been started - ignoring session_start() in [/home/tovar_samuel/public_html/soloplancho/controllers/entradas_controller.php, line 58]
2016-07-27 00:18:41 Notice: Notice (8): Undefined index:  in [/opt/cakephp/cake/libs/model/model.php, line 1329]
2016-07-27 00:18:41 Notice: Notice (8): Undefined variable: ord in [/home/tovar_samuel/public_html/soloplancho/controllers/clientes_controller.php, line 273]
2016-07-27 01:02:37 Notice: Notice (8): Undefined index:  in [/opt/cakephp/cake/libs/model/model.php, line 1329]
2016-07-27 01:07:37 Notice: Notice (8): Undefined index:  in [/opt/cakephp/cake/libs/model/model.php, line 1329]
2016-07-27 01:46:56 Notice: Notice (8): Undefined index:  in [/opt/cakephp/cake/libs/model/model.php, line 1329]
2016-07-27 01:47:30 Notice: Notice (8): Undefined index:  in [/opt/cakephp/cake/libs/model/model.php, line 1329]
2016-07-27 01:49:47 Notice: Notice (8): Undefined index:  in [/opt/cakephp/cake/libs/model/model.php, line 1329]
2016-07-27 13:31:56 Notice: Notice (8): Undefined index:  in [/opt/cakephp/cake/libs/model/model.php, line 1329]
2016-07-27 13:32:09 Notice: Notice (8): Undefined index:  in [/opt/cakephp/cake/libs/model/model.php, line 1329]
2016-07-27 13:32:19 Notice: Notice (8): Undefined index:  in [/opt/cakephp/cake/libs/model/model.php, line 1329]
2016-07-27 13:32:30 Notice: Notice (8): Undefined index:  in [/opt/cakephp/cake/libs/model/model.php, line 1329]
2016-07-27 13:32:45 Notice: Notice (8): Undefined index:  in [/opt/cakephp/cake/libs/model/model.php, line 1329]
2016-07-27 13:32:55 Notice: Notice (8): Undefined index:  in [/opt/cakephp/cake/libs/model/model.php, line 1329]
2016-07-27 13:33:05 Notice: Notice (8): Undefined index:  in [/opt/cakephp/cake/libs/model/model.php, line 1329]
2016-07-27 13:33:13 Notice: Notice (8): Undefined index:  in [/opt/cakephp/cake/libs/model/model.php, line 1329]
2016-07-27 13:33:20 Notice: Notice (8): Undefined index:  in [/opt/cakephp/cake/libs/model/model.php, line 1329]
2016-07-27 15:05:11 Notice: Notice (8): Undefined variable: ord in [/home/tovar_samuel/public_html/soloplancho/controllers/clientes_controller.php, line 273]
2016-07-27 15:05:15 Notice: Notice (8): Undefined variable: ord in [/home/tovar_samuel/public_html/soloplancho/controllers/clientes_controller.php, line 273]
2016-07-27 15:17:53 Notice: Notice (8): Undefined index:  in [/opt/cakephp/cake/libs/model/model.php, line 1329]
2016-07-27 15:17:53 Notice: Notice (8): Undefined index:  in [/opt/cakephp/cake/libs/model/model.php, line 1329]
2016-07-27 15:17:53 Notice: Notice (8): Undefined index:  in [/opt/cakephp/cake/libs/model/model.php, line 1329]
2016-07-27 15:17:53 Notice: Notice (8): Undefined variable: ord in [/home/tovar_samuel/public_html/soloplancho/controllers/clientes_controller.php, line 273]
2016-07-27 16:02:30 Notice: Notice (8): Undefined index:  in [/opt/cakephp/cake/libs/model/model.php, line 1329]
2016-07-27 16:02:30 Notice: Notice (8): Undefined index:  in [/opt/cakephp/cake/libs/model/model.php, line 1329]
2016-07-27 16:02:30 Notice: Notice (8): Undefined variable: ord in [/home/tovar_samuel/public_html/soloplancho/controllers/clientes_controller.php, line 273]
2016-07-27 16:04:08 Notice: Notice (8): Undefined index:  in [/opt/cakephp/cake/libs/model/model.php, line 1329]
2016-07-27 16:04:08 Notice: Notice (8): Undefined index:  in [/opt/cakephp/cake/libs/model/model.php, line 1329]
2016-07-27 16:04:08 Notice: Notice (8): Undefined variable: ord in [/home/tovar_samuel/public_html/soloplancho/controllers/clientes_controller.php, line 273]
2016-07-27 16:11:54 Notice: Notice (8): Undefined index:  in [/opt/cakephp/cake/libs/model/model.php, line 1329]
2016-07-27 16:13:28 Notice: Notice (8): Undefined index:  in [/opt/cakephp/cake/libs/model/model.php, line 1329]
2016-07-27 16:15:26 Notice: Notice (8): Undefined index:  in [/opt/cakephp/cake/libs/model/model.php, line 1329]
2016-07-27 16:19:47 Notice: Notice (8): Undefined index:  in [/opt/cakephp/cake/libs/model/model.php, line 1329]
2016-07-27 16:21:46 Notice: Notice (8): Undefined index:  in [/opt/cakephp/cake/libs/model/model.php, line 1329]
2016-07-27 17:25:47 Notice: Notice (8): A session had already been started - ignoring session_start() in [/home/tovar_samuel/public_html/soloplancho/controllers/entradas_controller.php, line 58]
2016-07-27 20:19:40 Notice: Notice (8): Undefined index:  in [/opt/cakephp/cake/libs/model/model.php, line 1329]
2016-07-27 20:19:40 Notice: Notice (8): Undefined variable: ord in [/home/tovar_samuel/public_html/soloplancho/controllers/clientes_controller.php, line 273]
2016-07-27 20:25:24 Notice: Notice (8): Undefined index:  in [/opt/cakephp/cake/libs/model/model.php, line 1329]
2016-07-27 20:25:24 Notice: Notice (8): Undefined variable: ord in [/home/tovar_samuel/public_html/soloplancho/controllers/clientes_controller.php, line 273]
2016-07-27 20:32:42 Notice: Notice (8): Undefined index:  in [/opt/cakephp/cake/libs/model/model.php, line 1329]
2016-07-27 20:33:23 Notice: Notice (8): Undefined index:  in [/opt/cakephp/cake/libs/model/model.php, line 1329]
2016-07-27 20:35:56 Notice: Notice (8): Undefined index:  in [/opt/cakephp/cake/libs/model/model.php, line 1329]
2016-07-27 20:40:42 Notice: Notice (8): Undefined index:  in [/opt/cakephp/cake/libs/model/model.php, line 1329]
2016-07-27 20:45:53 Notice: Notice (8): Undefined index:  in [/opt/cakephp/cake/libs/model/model.php, line 1329]
2016-07-27 20:49:29 Notice: Notice (8): Undefined index:  in [/opt/cakephp/cake/libs/model/model.php, line 1329]
2016-07-27 20:51:06 Notice: Notice (8): Undefined index:  in [/opt/cakephp/cake/libs/model/model.php, line 1329]
2016-07-27 20:52:46 Notice: Notice (8): Undefined index:  in [/opt/cakephp/cake/libs/model/model.php, line 1329]
2016-07-27 20:55:24 Notice: Notice (8): Undefined index:  in [/opt/cakephp/cake/libs/model/model.php, line 1329]
2016-07-29 17:57:08 Notice: Notice (8): Undefined index:  in [/opt/cakephp/cake/libs/model/model.php, line 1329]
2016-07-29 17:57:08 Notice: Notice (8): Undefined variable: ord in [/home/tovar_samuel/public_html/soloplancho/controllers/clientes_controller.php, line 284]
2016-07-29 18:10:39 Notice: Notice (8): Undefined index:  in [/opt/cakephp/cake/libs/model/model.php, line 1329]
2016-07-29 18:16:02 Notice: Notice (8): Undefined index:  in [/opt/cakephp/cake/libs/model/model.php, line 1329]
2016-07-29 18:18:42 Notice: Notice (8): Undefined index:  in [/opt/cakephp/cake/libs/model/model.php, line 1329]
2016-07-29 18:21:48 Notice: Notice (8): Undefined index:  in [/opt/cakephp/cake/libs/model/model.php, line 1329]
2016-07-29 18:23:15 Notice: Notice (8): Undefined index:  in [/opt/cakephp/cake/libs/model/model.php, line 1329]
2016-07-29 18:25:13 Notice: Notice (8): Undefined index:  in [/opt/cakephp/cake/libs/model/model.php, line 1329]
2016-07-29 18:27:04 Notice: Notice (8): Undefined index:  in [/opt/cakephp/cake/libs/model/model.php, line 1329]
2016-07-29 18:29:28 Notice: Notice (8): Undefined index:  in [/opt/cakephp/cake/libs/model/model.php, line 1329]
2016-07-29 23:21:42 Notice: Notice (8): A session had already been started - ignoring session_start() in [/home/tovar_samuel/public_html/soloplancho/controllers/entradas_controller.php, line 58]
2016-07-30 15:58:38 Notice: Notice (8): Undefined variable: ordenes in [/home/tovar_samuel/public_html/soloplancho/controllers/ordenes_controller.php, line 789]
2016-07-30 16:24:00 Notice: Notice (8): Undefined variable: ordenes in [/home/tovar_samuel/public_html/soloplancho/controllers/ordenes_controller.php, line 789]
2016-07-30 17:12:15 Notice: Notice (8): Undefined index:  in [/opt/cakephp/cake/libs/model/model.php, line 1329]
2016-07-30 17:12:15 Notice: Notice (8): Undefined index:  in [/opt/cakephp/cake/libs/model/model.php, line 1329]
2016-07-30 17:12:15 Notice: Notice (8): Undefined variable: ord in [/home/tovar_samuel/public_html/soloplancho/controllers/clientes_controller.php, line 284]
2016-07-30 17:18:10 Notice: Notice (8): Undefined index:  in [/opt/cakephp/cake/libs/model/model.php, line 1329]
2016-07-30 17:18:51 Notice: Notice (8): Undefined index:  in [/opt/cakephp/cake/libs/model/model.php, line 1329]
2016-07-30 17:30:23 Notice: Notice (8): Undefined variable: ordenes in [/home/tovar_samuel/public_html/soloplancho/controllers/ordenes_controller.php, line 789]
2016-07-30 17:50:23 Notice: Notice (8): Undefined variable: ordenes in [/home/tovar_samuel/public_html/soloplancho/controllers/ordenes_controller.php, line 789]
2016-07-30 17:50:58 Notice: Notice (8): Undefined variable: ordenes in [/home/tovar_samuel/public_html/soloplancho/controllers/ordenes_controller.php, line 789]
2016-08-01 03:56:20 Notice: Notice (8): Undefined variable: ordenes in [/home/tovar_samuel/public_html/soloplancho/controllers/ordenes_controller.php, line 789]
2016-08-01 03:58:44 Notice: Notice (8): Undefined variable: ordenes in [/home/tovar_samuel/public_html/soloplancho/controllers/ordenes_controller.php, line 789]
2016-08-01 04:03:24 Notice: Notice (8): Undefined variable: ordenes in [/home/tovar_samuel/public_html/soloplancho/controllers/ordenes_controller.php, line 789]
2016-08-01 04:04:46 Notice: Notice (8): Undefined variable: ordenes in [/home/tovar_samuel/public_html/soloplancho/controllers/ordenes_controller.php, line 789]
2016-08-01 04:38:20 Notice: Notice (8): Undefined variable: ordenes in [/home/tovar_samuel/public_html/soloplancho/controllers/ordenes_controller.php, line 789]
2016-08-01 13:39:23 Notice: Notice (8): Undefined variable: num in [/home/tovar_samuel/public_html/soloplancho/controllers/ordenes_controller.php, line 669]
2016-08-01 13:39:26 Notice: Notice (8): Undefined variable: ordenes in [/home/tovar_samuel/public_html/soloplancho/controllers/ordenes_controller.php, line 789]
2016-08-01 13:47:21 Notice: Notice (8): Undefined variable: ordenes in [/home/tovar_samuel/public_html/soloplancho/controllers/ordenes_controller.php, line 789]
2016-08-01 13:48:45 Notice: Notice (8): Undefined variable: tate in [/home/tovar_samuel/public_html/soloplancho/controllers/usuarios_controller.php, line 60]
2016-08-01 14:11:20 Notice: Notice (8): Undefined variable: num in [/home/tovar_samuel/public_html/soloplancho/controllers/ordenes_controller.php, line 669]
2016-08-01 14:11:26 Notice: Notice (8): Undefined variable: ordenes in [/home/tovar_samuel/public_html/soloplancho/controllers/ordenes_controller.php, line 789]
2016-08-01 14:21:14 Notice: Notice (8): Undefined variable: ordenes in [/home/tovar_samuel/public_html/soloplancho/controllers/ordenes_controller.php, line 789]
2016-08-01 14:21:56 Notice: Notice (8): Undefined variable: ordenes in [/home/tovar_samuel/public_html/soloplancho/controllers/ordenes_controller.php, line 789]
2016-08-01 14:22:28 Notice: Notice (8): Undefined variable: ordenes in [/home/tovar_samuel/public_html/soloplancho/controllers/ordenes_controller.php, line 789]
2016-08-01 14:23:13 Notice: Notice (8): Undefined variable: ordenes in [/home/tovar_samuel/public_html/soloplancho/controllers/ordenes_controller.php, line 789]
2016-08-01 14:25:46 Notice: Notice (8): Undefined variable: num in [/home/tovar_samuel/public_html/soloplancho/controllers/ordenes_controller.php, line 681]
2016-08-01 14:26:33 Notice: Notice (8): Undefined variable: num in [/home/tovar_samuel/public_html/soloplancho/controllers/ordenes_controller.php, line 681]
2016-08-01 14:27:09 Notice: Notice (8): Undefined variable: ordenes in [/home/tovar_samuel/public_html/soloplancho/controllers/ordenes_controller.php, line 789]
2016-08-01 14:29:50 Notice: Notice (8): Undefined variable: num in [/home/tovar_samuel/public_html/soloplancho/controllers/ordenes_controller.php, line 681]
2016-08-01 14:29:56 Notice: Notice (8): Undefined variable: ordenes in [/home/tovar_samuel/public_html/soloplancho/controllers/ordenes_controller.php, line 789]
2016-08-01 14:37:08 Notice: Notice (8): Undefined variable: ordenes in [/home/tovar_samuel/public_html/soloplancho/controllers/ordenes_controller.php, line 789]
2016-08-01 14:43:41 Notice: Notice (8): Undefined variable: ordenes in [/home/tovar_samuel/public_html/soloplancho/controllers/ordenes_controller.php, line 789]
2016-08-01 14:48:21 Notice: Notice (8): Undefined variable: num in [/home/tovar_samuel/public_html/soloplancho/controllers/ordenes_controller.php, line 669]
2016-08-01 14:48:27 Notice: Notice (8): Undefined variable: ordenes in [/home/tovar_samuel/public_html/soloplancho/controllers/ordenes_controller.php, line 789]
2016-08-01 14:49:30 Notice: Notice (8): Undefined variable: ordenes in [/home/tovar_samuel/public_html/soloplancho/controllers/ordenes_controller.php, line 789]
2016-08-01 19:47:12 Notice: Notice (8): Undefined variable: ordenes in [/home/tovar_samuel/public_html/soloplancho/controllers/ordenes_controller.php, line 789]
2016-08-01 21:23:51 Notice: Notice (8): Undefined variable: ordenes in [/home/tovar_samuel/public_html/soloplancho/controllers/ordenes_controller.php, line 789]
2016-08-02 16:09:42 Notice: Notice (8): Undefined variable: ordenes in [/home/tovar_samuel/public_html/soloplancho/controllers/ordenes_controller.php, line 789]
2016-08-02 19:45:04 Notice: Notice (8): Undefined index:  in [/opt/cakephp/cake/libs/model/model.php, line 1329]
2016-08-02 19:45:04 Notice: Notice (8): Undefined index:  in [/opt/cakephp/cake/libs/model/model.php, line 1329]
2016-08-02 19:45:04 Notice: Notice (8): Undefined variable: ord in [/home/tovar_samuel/public_html/soloplancho/controllers/clientes_controller.php, line 284]
2016-08-02 19:47:14 Notice: Notice (8): Undefined index:  in [/opt/cakephp/cake/libs/model/model.php, line 1329]
2016-08-02 19:48:51 Notice: Notice (8): Undefined index:  in [/opt/cakephp/cake/libs/model/model.php, line 1329]
2016-08-02 19:49:45 Notice: Notice (8): Undefined index:  in [/opt/cakephp/cake/libs/model/model.php, line 1329]
2016-08-02 19:50:26 Notice: Notice (8): Undefined index:  in [/opt/cakephp/cake/libs/model/model.php, line 1329]
2016-08-02 19:51:42 Notice: Notice (8): Undefined index:  in [/opt/cakephp/cake/libs/model/model.php, line 1329]
2016-08-02 19:52:59 Notice: Notice (8): Undefined index:  in [/opt/cakephp/cake/libs/model/model.php, line 1329]
2016-08-02 19:53:50 Notice: Notice (8): Undefined index:  in [/opt/cakephp/cake/libs/model/model.php, line 1329]
2016-08-02 19:54:38 Notice: Notice (8): Undefined index:  in [/opt/cakephp/cake/libs/model/model.php, line 1329]
2016-08-02 19:55:59 Notice: Notice (8): Undefined index:  in [/opt/cakephp/cake/libs/model/model.php, line 1329]
2016-08-02 19:56:51 Notice: Notice (8): Undefined index:  in [/opt/cakephp/cake/libs/model/model.php, line 1329]
2016-08-02 19:57:34 Notice: Notice (8): Undefined index:  in [/opt/cakephp/cake/libs/model/model.php, line 1329]
2016-08-02 19:58:22 Notice: Notice (8): Undefined index:  in [/opt/cakephp/cake/libs/model/model.php, line 1329]
2016-08-02 19:59:14 Notice: Notice (8): Undefined index:  in [/opt/cakephp/cake/libs/model/model.php, line 1329]
2016-08-02 20:00:03 Notice: Notice (8): Undefined index:  in [/opt/cakephp/cake/libs/model/model.php, line 1329]
2016-08-02 20:00:49 Notice: Notice (8): Undefined index:  in [/opt/cakephp/cake/libs/model/model.php, line 1329]
2016-08-02 20:01:45 Notice: Notice (8): Undefined index:  in [/opt/cakephp/cake/libs/model/model.php, line 1329]
2016-08-02 20:02:18 Notice: Notice (8): Undefined index:  in [/opt/cakephp/cake/libs/model/model.php, line 1329]
2016-08-02 20:03:09 Notice: Notice (8): Undefined index:  in [/opt/cakephp/cake/libs/model/model.php, line 1329]
2016-08-02 20:03:47 Notice: Notice (8): Undefined index:  in [/opt/cakephp/cake/libs/model/model.php, line 1329]
2016-08-02 20:04:21 Notice: Notice (8): Undefined index:  in [/opt/cakephp/cake/libs/model/model.php, line 1329]
2016-08-02 20:06:44 Notice: Notice (8): Undefined variable: ordenes in [/home/tovar_samuel/public_html/soloplancho/controllers/ordenes_controller.php, line 789]
2016-08-03 02:17:42 Notice: Notice (8): Undefined variable: ordenes in [/home/tovar_samuel/public_html/soloplancho/controllers/ordenes_controller.php, line 789]
2016-08-03 03:41:23 Notice: Notice (8): Undefined variable: ordenes in [/home/tovar_samuel/public_html/soloplancho/controllers/ordenes_controller.php, line 789]
2016-08-03 03:46:35 Notice: Notice (8): Undefined variable: ordenes in [/home/tovar_samuel/public_html/soloplancho/controllers/ordenes_controller.php, line 789]
2016-08-03 03:49:12 Notice: Notice (8): Undefined variable: ordenes in [/home/tovar_samuel/public_html/soloplancho/controllers/ordenes_controller.php, line 789]
2016-08-03 03:58:32 Notice: Notice (8): Undefined variable: ordenes in [/home/tovar_samuel/public_html/soloplancho/controllers/ordenes_controller.php, line 789]
2016-08-03 03:58:36 Notice: Notice (8): Undefined variable: ordenes in [/home/tovar_samuel/public_html/soloplancho/controllers/ordenes_controller.php, line 789]
2016-08-03 03:59:38 Notice: Notice (8): Undefined variable: ordenes in [/home/tovar_samuel/public_html/soloplancho/controllers/ordenes_controller.php, line 789]
2016-08-03 04:05:48 Notice: Notice (8): Undefined variable: ordenes in [/home/tovar_samuel/public_html/soloplancho/controllers/ordenes_controller.php, line 789]
2016-08-03 15:59:00 Notice: Notice (8): Undefined index:  in [/opt/cakephp/cake/libs/model/model.php, line 1329]
2016-08-03 15:59:00 Notice: Notice (8): Undefined index:  in [/opt/cakephp/cake/libs/model/model.php, line 1329]
2016-08-03 15:59:00 Notice: Notice (8): Undefined variable: ord in [/home/tovar_samuel/public_html/soloplancho/controllers/clientes_controller.php, line 284]
2016-08-03 16:01:40 Notice: Notice (8): Undefined index:  in [/opt/cakephp/cake/libs/model/model.php, line 1329]
2016-08-03 16:04:16 Notice: Notice (8): Undefined index:  in [/opt/cakephp/cake/libs/model/model.php, line 1329]
2016-08-03 16:05:58 Notice: Notice (8): Undefined index:  in [/opt/cakephp/cake/libs/model/model.php, line 1329]
2016-08-03 16:08:44 Notice: Notice (8): Undefined index:  in [/opt/cakephp/cake/libs/model/model.php, line 1329]
2016-08-03 16:09:49 Notice: Notice (8): Undefined index:  in [/opt/cakephp/cake/libs/model/model.php, line 1329]
2016-08-03 16:11:11 Notice: Notice (8): Undefined index:  in [/opt/cakephp/cake/libs/model/model.php, line 1329]
2016-08-03 16:12:43 Notice: Notice (8): Undefined index:  in [/opt/cakephp/cake/libs/model/model.php, line 1329]
2016-08-03 16:14:59 Notice: Notice (8): Undefined index:  in [/opt/cakephp/cake/libs/model/model.php, line 1329]
2016-08-03 16:16:36 Notice: Notice (8): Undefined index:  in [/opt/cakephp/cake/libs/model/model.php, line 1329]
2016-08-03 16:17:39 Notice: Notice (8): Undefined index:  in [/opt/cakephp/cake/libs/model/model.php, line 1329]
2016-08-03 16:19:11 Notice: Notice (8): Undefined index:  in [/opt/cakephp/cake/libs/model/model.php, line 1329]
2016-08-03 16:20:45 Notice: Notice (8): Undefined index:  in [/opt/cakephp/cake/libs/model/model.php, line 1329]
2016-08-03 16:22:49 Notice: Notice (8): Undefined index:  in [/opt/cakephp/cake/libs/model/model.php, line 1329]
2016-08-03 16:24:36 Notice: Notice (8): Undefined index:  in [/opt/cakephp/cake/libs/model/model.php, line 1329]
2016-08-03 16:26:59 Notice: Notice (8): Undefined index:  in [/opt/cakephp/cake/libs/model/model.php, line 1329]
2016-08-03 16:28:00 Notice: Notice (8): Undefined index:  in [/opt/cakephp/cake/libs/model/model.php, line 1329]
2016-08-03 16:29:20 Notice: Notice (8): Undefined index:  in [/opt/cakephp/cake/libs/model/model.php, line 1329]
2016-08-03 16:31:01 Notice: Notice (8): Undefined index:  in [/opt/cakephp/cake/libs/model/model.php, line 1329]
2016-08-03 16:32:34 Notice: Notice (8): Undefined index:  in [/opt/cakephp/cake/libs/model/model.php, line 1329]
2016-08-03 16:37:13 Notice: Notice (8): Undefined index:  in [/opt/cakephp/cake/libs/model/model.php, line 1329]
2016-08-03 17:23:37 Notice: Notice (8): Undefined variable: ordenes in [/home/tovar_samuel/public_html/soloplancho/controllers/ordenes_controller.php, line 789]
2016-08-03 17:25:28 Notice: Notice (8): Undefined variable: ordenes in [/home/tovar_samuel/public_html/soloplancho/controllers/ordenes_controller.php, line 789]
2016-08-03 17:27:29 Notice: Notice (8): Undefined variable: ordenes in [/home/tovar_samuel/public_html/soloplancho/controllers/ordenes_controller.php, line 789]
2016-08-03 21:12:08 Notice: Notice (8): Undefined variable: ordenes in [/home/tovar_samuel/public_html/soloplancho/controllers/ordenes_controller.php, line 789]
2016-08-03 21:13:27 Notice: Notice (8): Undefined variable: ordenes in [/home/tovar_samuel/public_html/soloplancho/controllers/ordenes_controller.php, line 789]
2016-08-03 21:37:46 Notice: Notice (8): Undefined variable: num in [/home/tovar_samuel/public_html/soloplancho/controllers/ordenes_controller.php, line 669]
2016-08-03 21:38:26 Notice: Notice (8): Undefined variable: ordenes in [/home/tovar_samuel/public_html/soloplancho/controllers/ordenes_controller.php, line 789]
2016-08-03 23:19:41 Notice: Notice (8): Undefined variable: ordenes in [/home/tovar_samuel/public_html/soloplancho/controllers/ordenes_controller.php, line 789]
2016-08-03 23:20:11 Notice: Notice (8): Undefined variable: ordenes in [/home/tovar_samuel/public_html/soloplancho/controllers/ordenes_controller.php, line 789]
2016-08-03 23:20:29 Notice: Notice (8): Undefined variable: ordenes in [/home/tovar_samuel/public_html/soloplancho/controllers/ordenes_controller.php, line 789]
2016-08-03 23:26:20 Notice: Notice (8): Undefined variable: num in [/home/tovar_samuel/public_html/soloplancho/controllers/ordenes_controller.php, line 669]
2016-08-03 23:38:50 Notice: Notice (8): Undefined variable: ordenes in [/home/tovar_samuel/public_html/soloplancho/controllers/ordenes_controller.php, line 789]
2016-08-04 00:00:23 Notice: Notice (8): Undefined variable: ordenes in [/home/tovar_samuel/public_html/soloplancho/controllers/ordenes_controller.php, line 789]
2016-08-04 00:01:37 Notice: Notice (8): Undefined variable: ordenes in [/home/tovar_samuel/public_html/soloplancho/controllers/ordenes_controller.php, line 789]
2016-08-05 14:57:50 Notice: Notice (8): Undefined index:  in [/opt/cakephp/cake/libs/model/model.php, line 1329]
2016-08-05 14:57:50 Notice: Notice (8): Undefined variable: ord in [/home/tovar_samuel/public_html/soloplancho/controllers/clientes_controller.php, line 284]
2016-08-05 15:01:06 Notice: Notice (8): Undefined index:  in [/opt/cakephp/cake/libs/model/model.php, line 1329]
2016-08-05 15:02:51 Notice: Notice (8): Undefined index:  in [/opt/cakephp/cake/libs/model/model.php, line 1329]
2016-08-05 15:03:57 Notice: Notice (8): Undefined index:  in [/opt/cakephp/cake/libs/model/model.php, line 1329]
2016-08-05 15:05:18 Notice: Notice (8): Undefined index:  in [/opt/cakephp/cake/libs/model/model.php, line 1329]
2016-08-05 15:06:42 Notice: Notice (8): Undefined index:  in [/opt/cakephp/cake/libs/model/model.php, line 1329]
2016-08-05 15:08:02 Notice: Notice (8): Undefined index:  in [/opt/cakephp/cake/libs/model/model.php, line 1329]
2016-08-05 15:10:43 Notice: Notice (8): Undefined index:  in [/opt/cakephp/cake/libs/model/model.php, line 1329]
2016-08-05 15:12:05 Notice: Notice (8): Undefined index:  in [/opt/cakephp/cake/libs/model/model.php, line 1329]
2016-08-05 15:13:26 Notice: Notice (8): Undefined index:  in [/opt/cakephp/cake/libs/model/model.php, line 1329]
2016-08-05 15:14:28 Notice: Notice (8): Undefined index:  in [/opt/cakephp/cake/libs/model/model.php, line 1329]
2016-08-05 15:15:31 Notice: Notice (8): Undefined index:  in [/opt/cakephp/cake/libs/model/model.php, line 1329]
2016-08-05 20:45:36 Notice: Notice (8): Undefined index:  in [/opt/cakephp/cake/libs/model/model.php, line 1329]
2016-08-05 20:45:36 Notice: Notice (8): Undefined variable: ord in [/home/tovar_samuel/public_html/soloplancho/controllers/clientes_controller.php, line 284]
2016-08-05 20:48:24 Notice: Notice (8): Undefined index:  in [/opt/cakephp/cake/libs/model/model.php, line 1329]
2016-08-05 22:46:37 Notice: Notice (8): Undefined index:  in [/opt/cakephp/cake/libs/model/model.php, line 1329]
2016-08-05 22:46:37 Notice: Notice (8): Undefined variable: ord in [/home/tovar_samuel/public_html/soloplancho/controllers/clientes_controller.php, line 284]
2016-08-05 22:52:55 Notice: Notice (8): Undefined index:  in [/opt/cakephp/cake/libs/model/model.php, line 1329]
2016-08-05 22:54:31 Notice: Notice (8): Undefined index:  in [/opt/cakephp/cake/libs/model/model.php, line 1329]
2016-08-05 22:57:06 Notice: Notice (8): Undefined index:  in [/opt/cakephp/cake/libs/model/model.php, line 1329]
2016-08-05 23:01:34 Notice: Notice (8): Undefined index:  in [/opt/cakephp/cake/libs/model/model.php, line 1329]
2016-08-05 23:03:06 Notice: Notice (8): Undefined index:  in [/opt/cakephp/cake/libs/model/model.php, line 1329]
2016-08-05 23:05:10 Notice: Notice (8): Undefined index:  in [/opt/cakephp/cake/libs/model/model.php, line 1329]
2016-08-05 23:06:34 Notice: Notice (8): Undefined index:  in [/opt/cakephp/cake/libs/model/model.php, line 1329]
2016-08-05 23:09:26 Notice: Notice (8): Undefined index:  in [/opt/cakephp/cake/libs/model/model.php, line 1329]
2016-08-07 02:56:28 Notice: Notice (8): Undefined variable: num in [/home/tovar_samuel/public_html/soloplancho/controllers/ordenes_controller.php, line 654]
2016-08-08 19:46:09 Notice: Notice (8): Undefined index: UsuarioOrden in [/home/tovar_samuel/public_html/soloplancho/controllers/ordenes_controller.php, line 90]
2016-08-10 21:18:24 Notice: Notice (8): Undefined variable: ord in [/home/tovar_samuel/public_html/soloplancho/controllers/clientes_controller.php, line 285]
2016-08-10 22:06:29 Notice: Notice (8): Undefined index:  in [/opt/cakephp/cake/libs/model/model.php, line 1329]
2016-08-10 22:21:44 Notice: Notice (8): Undefined index:  in [/opt/cakephp/cake/libs/model/model.php, line 1329]
2016-08-10 22:23:52 Notice: Notice (8): Undefined index:  in [/opt/cakephp/cake/libs/model/model.php, line 1329]
2016-08-10 22:25:31 Notice: Notice (8): Undefined index:  in [/opt/cakephp/cake/libs/model/model.php, line 1329]
2016-08-10 22:27:05 Notice: Notice (8): Undefined index:  in [/opt/cakephp/cake/libs/model/model.php, line 1329]
2016-08-10 22:30:27 Notice: Notice (8): Undefined index:  in [/opt/cakephp/cake/libs/model/model.php, line 1329]
2016-08-10 22:32:21 Notice: Notice (8): Undefined index:  in [/opt/cakephp/cake/libs/model/model.php, line 1329]
2016-08-10 22:36:11 Notice: Notice (8): Undefined index:  in [/opt/cakephp/cake/libs/model/model.php, line 1329]
2016-08-10 22:41:36 Notice: Notice (8): Undefined index:  in [/opt/cakephp/cake/libs/model/model.php, line 1329]
2016-08-10 22:44:30 Notice: Notice (8): Undefined index:  in [/opt/cakephp/cake/libs/model/model.php, line 1329]
2016-08-10 22:45:28 Notice: Notice (8): Undefined index:  in [/opt/cakephp/cake/libs/model/model.php, line 1329]
2016-08-10 22:46:27 Notice: Notice (8): Undefined index:  in [/opt/cakephp/cake/libs/model/model.php, line 1329]
2016-08-10 22:47:12 Notice: Notice (8): Undefined index:  in [/opt/cakephp/cake/libs/model/model.php, line 1329]
2016-08-10 22:48:20 Notice: Notice (8): Undefined index:  in [/opt/cakephp/cake/libs/model/model.php, line 1329]
2016-08-10 22:49:54 Notice: Notice (8): Undefined index:  in [/opt/cakephp/cake/libs/model/model.php, line 1329]
2016-08-10 22:51:19 Notice: Notice (8): Undefined index:  in [/opt/cakephp/cake/libs/model/model.php, line 1329]
2016-08-10 22:52:09 Notice: Notice (8): Undefined index:  in [/opt/cakephp/cake/libs/model/model.php, line 1329]
2016-08-10 22:52:52 Notice: Notice (8): Undefined index:  in [/opt/cakephp/cake/libs/model/model.php, line 1329]
2016-08-10 22:53:38 Notice: Notice (8): Undefined index:  in [/opt/cakephp/cake/libs/model/model.php, line 1329]
2016-08-10 22:54:28 Notice: Notice (8): Undefined index:  in [/opt/cakephp/cake/libs/model/model.php, line 1329]
2016-08-11 23:31:39 Notice: Notice (8): Undefined variable: num in [/home/tovar_samuel/public_html/soloplancho/controllers/ordenes_controller.php, line 655]
2016-08-11 23:32:01 Notice: Notice (8): Undefined variable: num in [/home/tovar_samuel/public_html/soloplancho/controllers/ordenes_controller.php, line 655]
2016-08-19 15:18:09 Notice: Notice (8): A session had already been started - ignoring session_start() in [/home/tovar_samuel/public_html/soloplancho/controllers/entradas_controller.php, line 58]
2016-08-22 14:43:00 Notice: Notice (8): A session had already been started - ignoring session_start() in [/home/tovar_samuel/public_html/soloplancho/controllers/entradas_controller.php, line 58]
2016-08-24 19:44:51 Notice: Notice (8): Undefined index:  in [/opt/cakephp/cake/libs/model/model.php, line 1329]
2016-08-24 19:44:51 Notice: Notice (8): Undefined variable: ord in [/home/tovar_samuel/public_html/soloplancho/controllers/clientes_controller.php, line 285]
2016-08-24 19:55:09 Notice: Notice (8): Undefined index:  in [/opt/cakephp/cake/libs/model/model.php, line 1329]
2016-08-24 19:55:10 Notice: Notice (8): Undefined index:  in [/opt/cakephp/cake/libs/model/model.php, line 1329]
2016-08-24 23:00:08 Notice: Notice (8): A session had already been started - ignoring session_start() in [/home/tovar_samuel/public_html/soloplancho/controllers/entradas_controller.php, line 58]
2016-08-24 23:48:36 Notice: Notice (8): A session had already been started - ignoring session_start() in [/home/tovar_samuel/public_html/soloplancho/controllers/entradas_controller.php, line 58]
2016-08-26 16:53:08 Notice: Notice (8): Undefined index:  in [/opt/cakephp/cake/libs/model/model.php, line 1329]
2016-08-26 16:53:08 Notice: Notice (8): Undefined index:  in [/opt/cakephp/cake/libs/model/model.php, line 1329]
2016-08-26 16:53:08 Notice: Notice (8): Undefined index:  in [/opt/cakephp/cake/libs/model/model.php, line 1329]
2016-08-26 16:53:08 Notice: Notice (8): Undefined variable: ord in [/home/tovar_samuel/public_html/soloplancho/controllers/clientes_controller.php, line 285]
2016-08-26 16:56:28 Notice: Notice (8): Undefined index:  in [/opt/cakephp/cake/libs/model/model.php, line 1329]
2016-08-26 17:02:09 Notice: Notice (8): Undefined index:  in [/opt/cakephp/cake/libs/model/model.php, line 1329]
2016-08-26 17:03:54 Notice: Notice (8): Undefined index:  in [/opt/cakephp/cake/libs/model/model.php, line 1329]
2016-08-26 17:05:18 Notice: Notice (8): Undefined index:  in [/opt/cakephp/cake/libs/model/model.php, line 1329]
2016-08-26 17:07:00 Notice: Notice (8): Undefined index:  in [/opt/cakephp/cake/libs/model/model.php, line 1329]
2016-08-26 17:07:51 Notice: Notice (8): Undefined index:  in [/opt/cakephp/cake/libs/model/model.php, line 1329]
2016-08-26 17:08:38 Notice: Notice (8): Undefined index:  in [/opt/cakephp/cake/libs/model/model.php, line 1329]
2016-08-26 17:09:45 Notice: Notice (8): Undefined index:  in [/opt/cakephp/cake/libs/model/model.php, line 1329]
2016-08-26 17:13:26 Notice: Notice (8): Undefined index:  in [/opt/cakephp/cake/libs/model/model.php, line 1329]
2016-08-26 17:15:12 Notice: Notice (8): Undefined index:  in [/opt/cakephp/cake/libs/model/model.php, line 1329]
2016-08-26 17:16:27 Notice: Notice (8): Undefined index:  in [/opt/cakephp/cake/libs/model/model.php, line 1329]
2016-08-26 17:18:14 Notice: Notice (8): Undefined index:  in [/opt/cakephp/cake/libs/model/model.php, line 1329]
2016-08-26 17:19:57 Notice: Notice (8): Undefined index:  in [/opt/cakephp/cake/libs/model/model.php, line 1329]
2016-08-26 17:20:50 Notice: Notice (8): Undefined index:  in [/opt/cakephp/cake/libs/model/model.php, line 1329]
2016-08-26 17:21:55 Notice: Notice (8): Undefined index:  in [/opt/cakephp/cake/libs/model/model.php, line 1329]
2016-08-26 17:23:16 Notice: Notice (8): Undefined index:  in [/opt/cakephp/cake/libs/model/model.php, line 1329]
2016-08-29 20:56:19 Notice: Notice (8): Undefined variable: num in [/home/tovar_samuel/public_html/soloplancho/controllers/ordenes_controller.php, line 655]
2016-08-29 20:56:26 Notice: Notice (8): Undefined variable: num in [/home/tovar_samuel/public_html/soloplancho/controllers/ordenes_controller.php, line 655]
2016-08-29 20:56:51 Notice: Notice (8): Undefined variable: num in [/home/tovar_samuel/public_html/soloplancho/controllers/ordenes_controller.php, line 655]
2016-08-29 20:57:09 Notice: Notice (8): Undefined variable: num in [/home/tovar_samuel/public_html/soloplancho/controllers/ordenes_controller.php, line 655]
2016-08-29 20:59:03 Notice: Notice (8): Undefined variable: num in [/home/tovar_samuel/public_html/soloplancho/controllers/ordenes_controller.php, line 655]
2016-08-30 04:30:10 Notice: Notice (8): Undefined variable: tate in [/home/tovar_samuel/public_html/soloplancho/controllers/usuarios_controller.php, line 60]
2016-08-30 04:30:42 Notice: Notice (8): Undefined variable: tate in [/home/tovar_samuel/public_html/soloplancho/controllers/usuarios_controller.php, line 60]
2016-09-07 15:37:07 Notice: Notice (8): Undefined index: UsuarioOrden in [/home/tovar_samuel/public_html/soloplancho/controllers/ordenes_controller.php, line 90]
2016-09-07 15:37:32 Notice: Notice (8): Undefined index: UsuarioOrden in [/home/tovar_samuel/public_html/soloplancho/controllers/ordenes_controller.php, line 90]
2016-09-07 16:37:23 Notice: Notice (8): Undefined index:  in [/opt/cakephp/cake/libs/model/model.php, line 1329]
2016-09-07 16:37:23 Notice: Notice (8): Undefined index:  in [/opt/cakephp/cake/libs/model/model.php, line 1329]
2016-09-07 16:37:23 Notice: Notice (8): Undefined variable: ord in [/home/tovar_samuel/public_html/soloplancho/controllers/clientes_controller.php, line 278]
2016-09-12 17:09:05 Notice: Notice (8): Undefined index:  in [/opt/cakephp/cake/libs/model/model.php, line 1329]
2016-09-12 17:13:17 Notice: Notice (8): Undefined variable: num in [/home/tovar_samuel/public_html/soloplancho/controllers/ordenes_controller.php, line 667]
2016-09-12 17:14:20 Notice: Notice (8): Undefined variable: num in [/home/tovar_samuel/public_html/soloplancho/controllers/ordenes_controller.php, line 667]
2016-09-12 17:17:40 Notice: Notice (8): A session had already been started - ignoring session_start() in [/home/tovar_samuel/public_html/soloplancho/controllers/entradas_controller.php, line 58]
2016-09-20 02:23:14 Notice: Notice (8): A session had already been started - ignoring session_start() in [/home/tovar_samuel/public_html/soloplancho/controllers/entradas_controller.php, line 58]
2017-02-11 14:00:12 Notice: Notice (8): A session had already been started - ignoring session_start() in [/home/tovar_samuel/public_html/soloplancho/controllers/entradas_controller.php, line 58]
