2016-03-03 23:30:34 Warning: Warning (2): imagepng(img/qrcode/temp/test533aac9c4f7923bf3cff61ad18991437.png) [<a href='http://php.net/function.imagepng'>function.imagepng</a>]: failed to open stream: Permission denied in [/home/cmalav02/public_html/soloplancho/vendors/tcpdf/phpqrcode.php, line 954]
2016-03-03 23:30:39 Warning: Warning (2): imagepng(img/qrcode/temp/test533aac9c4f7923bf3cff61ad18991437.png) [<a href='http://php.net/function.imagepng'>function.imagepng</a>]: failed to open stream: Permission denied in [/home/cmalav02/public_html/soloplancho/vendors/tcpdf/phpqrcode.php, line 954]
2016-03-03 23:30:40 Warning: Warning (2): imagepng(img/qrcode/temp/test533aac9c4f7923bf3cff61ad18991437.png) [<a href='http://php.net/function.imagepng'>function.imagepng</a>]: failed to open stream: Permission denied in [/home/cmalav02/public_html/soloplancho/vendors/tcpdf/phpqrcode.php, line 954]
2016-03-03 23:30:41 Warning: Warning (2): imagepng(img/qrcode/temp/test533aac9c4f7923bf3cff61ad18991437.png) [<a href='http://php.net/function.imagepng'>function.imagepng</a>]: failed to open stream: Permission denied in [/home/cmalav02/public_html/soloplancho/vendors/tcpdf/phpqrcode.php, line 954]
2016-03-03 23:30:42 Warning: Warning (2): imagepng(img/qrcode/temp/test533aac9c4f7923bf3cff61ad18991437.png) [<a href='http://php.net/function.imagepng'>function.imagepng</a>]: failed to open stream: Permission denied in [/home/cmalav02/public_html/soloplancho/vendors/tcpdf/phpqrcode.php, line 954]
2016-03-03 23:30:43 Warning: Warning (2): imagepng(img/qrcode/temp/test533aac9c4f7923bf3cff61ad18991437.png) [<a href='http://php.net/function.imagepng'>function.imagepng</a>]: failed to open stream: Permission denied in [/home/cmalav02/public_html/soloplancho/vendors/tcpdf/phpqrcode.php, line 954]
2016-03-03 23:31:59 Warning: Warning (2): Missing argument 1 for ClientesController::listado() in [/home/cmalav02/public_html/soloplancho/controllers/clientes_controller.php, line 141]
2016-03-05 20:11:16 Warning: Warning (2): imagepng(img/qrcode/temp/test533aac9c4f7923bf3cff61ad18991437.png) [<a href='http://php.net/function.imagepng'>function.imagepng</a>]: failed to open stream: Permission denied in [/home/cmalav02/public_html/soloplancho/vendors/tcpdf/phpqrcode.php, line 954]
2016-03-05 22:20:32 Warning: Warning (512): <span style="color:Red;text-align:left"><b>SQL Error:</b> 1054: Unknown column 'Cliente.cedulas' in 'where clause'</span> in [/opt/cakephp/cake/libs/model/datasources/dbo_source.php, line 684]
2016-03-05 22:20:32 Warning: Warning (2): Invalid argument supplied for foreach() in [/home/cmalav02/public_html/soloplancho/views/ordenes/qrordenesbuscar.ctp, line 19]
2016-03-05 22:20:32 Warning: Warning (512): Headers already sent in /opt/cakephp/cake/basics.php on line 376. Cannot send log data to FirePHP. in [/opt/cakephp/plugins/debug_kit/vendors/fire_cake.php, line 301]
2016-03-05 22:34:28 Warning: Warning (512): Headers already sent in /opt/cakephp/cake/basics.php on line 376. Cannot send log data to FirePHP. in [/opt/cakephp/plugins/debug_kit/vendors/fire_cake.php, line 301]
2016-03-06 19:00:45 Warning: Warning (2): mysql_connect(): Access denied for user 'root'@'localhost' (using password: YES) in [/opt/cakephp/cake/libs/model/datasources/dbo/dbo_mysql.php, line 561]
2016-03-06 19:00:45 Warning: Warning (2): fopen(/home/cmalav02/public_html/soloplancho/tmp/cache/models/cake_model_default_soloplancho_list): failed to open stream: Permission denied in [/opt/cakephp/cake/libs/cache/file.php, line 142]
2016-03-06 19:00:45 Warning: Warning (2): mysql_query() expects parameter 2 to be resource, boolean given in [/opt/cakephp/cake/libs/model/datasources/dbo/dbo_mysql.php, line 613]
2016-03-06 19:00:45 Warning: Warning (2): fopen(/home/cmalav02/public_html/soloplancho/tmp/cache/persistent/cake_core_default_es-es): failed to open stream: Permission denied in [/opt/cakephp/cake/libs/cache/file.php, line 142]
2016-03-06 19:00:45 Warning: Warning (2): fopen(/home/cmalav02/public_html/soloplancho/tmp/cache/persistent/cake_core_dir_map): failed to open stream: Permission denied in [/opt/cakephp/cake/libs/cache/file.php, line 142]
2016-03-06 19:00:45 Warning: Warning (2): fopen(/home/cmalav02/public_html/soloplancho/tmp/cache/persistent/cake_core_file_map): failed to open stream: Permission denied in [/opt/cakephp/cake/libs/cache/file.php, line 142]
2016-03-06 19:00:45 Warning: Warning (2): fopen(/home/cmalav02/public_html/soloplancho/tmp/cache/persistent/cake_core_object_map): failed to open stream: Permission denied in [/opt/cakephp/cake/libs/cache/file.php, line 142]
2016-03-06 19:00:50 Warning: Warning (2): mysql_connect(): Access denied for user 'root'@'localhost' (using password: YES) in [/opt/cakephp/cake/libs/model/datasources/dbo/dbo_mysql.php, line 561]
2016-03-06 19:00:50 Warning: Warning (2): fopen(/home/cmalav02/public_html/soloplancho/tmp/cache/models/cake_model_default_soloplancho_list): failed to open stream: Permission denied in [/opt/cakephp/cake/libs/cache/file.php, line 142]
2016-03-06 19:00:50 Warning: Warning (2): mysql_query() expects parameter 2 to be resource, boolean given in [/opt/cakephp/cake/libs/model/datasources/dbo/dbo_mysql.php, line 613]
2016-03-06 19:00:50 Warning: Warning (2): fopen(/home/cmalav02/public_html/soloplancho/tmp/cache/persistent/cake_core_default_es-es): failed to open stream: Permission denied in [/opt/cakephp/cake/libs/cache/file.php, line 142]
2016-03-06 19:00:50 Warning: Warning (2): fopen(/home/cmalav02/public_html/soloplancho/tmp/cache/persistent/cake_core_dir_map): failed to open stream: Permission denied in [/opt/cakephp/cake/libs/cache/file.php, line 142]
2016-03-06 19:00:50 Warning: Warning (2): fopen(/home/cmalav02/public_html/soloplancho/tmp/cache/persistent/cake_core_file_map): failed to open stream: Permission denied in [/opt/cakephp/cake/libs/cache/file.php, line 142]
2016-03-06 19:00:50 Warning: Warning (2): fopen(/home/cmalav02/public_html/soloplancho/tmp/cache/persistent/cake_core_object_map): failed to open stream: Permission denied in [/opt/cakephp/cake/libs/cache/file.php, line 142]
2016-03-06 19:00:51 Warning: Warning (2): mysql_connect(): Access denied for user 'root'@'localhost' (using password: YES) in [/opt/cakephp/cake/libs/model/datasources/dbo/dbo_mysql.php, line 561]
2016-03-06 19:00:51 Warning: Warning (2): fopen(/home/cmalav02/public_html/soloplancho/tmp/cache/models/cake_model_default_soloplancho_list): failed to open stream: Permission denied in [/opt/cakephp/cake/libs/cache/file.php, line 142]
2016-03-06 19:00:51 Warning: Warning (2): mysql_query() expects parameter 2 to be resource, boolean given in [/opt/cakephp/cake/libs/model/datasources/dbo/dbo_mysql.php, line 613]
2016-03-06 19:00:51 Warning: Warning (2): fopen(/home/cmalav02/public_html/soloplancho/tmp/cache/persistent/cake_core_default_es-es): failed to open stream: Permission denied in [/opt/cakephp/cake/libs/cache/file.php, line 142]
2016-03-06 19:00:51 Warning: Warning (2): fopen(/home/cmalav02/public_html/soloplancho/tmp/cache/persistent/cake_core_dir_map): failed to open stream: Permission denied in [/opt/cakephp/cake/libs/cache/file.php, line 142]
2016-03-06 19:00:51 Warning: Warning (2): fopen(/home/cmalav02/public_html/soloplancho/tmp/cache/persistent/cake_core_file_map): failed to open stream: Permission denied in [/opt/cakephp/cake/libs/cache/file.php, line 142]
2016-03-06 19:00:51 Warning: Warning (2): fopen(/home/cmalav02/public_html/soloplancho/tmp/cache/persistent/cake_core_object_map): failed to open stream: Permission denied in [/opt/cakephp/cake/libs/cache/file.php, line 142]
2016-03-06 19:05:17 Warning: Warning (2): mysql_connect(): Access denied for user 'root'@'localhost' (using password: YES) in [/opt/cakephp/cake/libs/model/datasources/dbo/dbo_mysql.php, line 561]
2016-03-06 19:05:17 Warning: Warning (2): fopen(/home/cmalav02/public_html/soloplancho/tmp/cache/models/cake_model_default_soloplancho_list): failed to open stream: Permission denied in [/opt/cakephp/cake/libs/cache/file.php, line 142]
2016-03-06 19:05:17 Warning: Warning (2): mysql_query() expects parameter 2 to be resource, boolean given in [/opt/cakephp/cake/libs/model/datasources/dbo/dbo_mysql.php, line 613]
2016-03-06 19:05:17 Warning: Warning (2): fopen(/home/cmalav02/public_html/soloplancho/tmp/cache/persistent/cake_core_default_es-es): failed to open stream: Permission denied in [/opt/cakephp/cake/libs/cache/file.php, line 142]
2016-03-06 19:05:17 Warning: Warning (2): fopen(/home/cmalav02/public_html/soloplancho/tmp/cache/persistent/cake_core_dir_map): failed to open stream: Permission denied in [/opt/cakephp/cake/libs/cache/file.php, line 142]
2016-03-06 19:05:17 Warning: Warning (2): fopen(/home/cmalav02/public_html/soloplancho/tmp/cache/persistent/cake_core_file_map): failed to open stream: Permission denied in [/opt/cakephp/cake/libs/cache/file.php, line 142]
2016-03-06 19:05:17 Warning: Warning (2): fopen(/home/cmalav02/public_html/soloplancho/tmp/cache/persistent/cake_core_object_map): failed to open stream: Permission denied in [/opt/cakephp/cake/libs/cache/file.php, line 142]
2016-03-06 19:06:14 Warning: Warning (2): fopen(/home/cmalav02/public_html/soloplancho/tmp/cache/models/cake_model_default_soloplancho_list) [<a href='http://php.net/function.fopen'>function.fopen</a>]: failed to open stream: Permission denied in [/opt/cakephp/cake/libs/cache/file.php, line 142]
2016-03-06 19:06:14 Warning: Warning (2): fopen(/home/cmalav02/public_html/soloplancho/tmp/cache/models/cake_model_default_usuarios) [<a href='http://php.net/function.fopen'>function.fopen</a>]: failed to open stream: Permission denied in [/opt/cakephp/cake/libs/cache/file.php, line 142]
2016-03-06 19:06:14 Warning: Warning (2): fopen(/home/cmalav02/public_html/soloplancho/tmp/cache/models/cake_model_default_empresas) [<a href='http://php.net/function.fopen'>function.fopen</a>]: failed to open stream: Permission denied in [/opt/cakephp/cake/libs/cache/file.php, line 142]
2016-03-06 19:06:14 Warning: Warning (2): fopen(/home/cmalav02/public_html/soloplancho/tmp/cache/models/cake_model_default_usuario_ordenes) [<a href='http://php.net/function.fopen'>function.fopen</a>]: failed to open stream: Permission denied in [/opt/cakephp/cake/libs/cache/file.php, line 142]
2016-03-06 19:06:14 Warning: Warning (2): fopen(/home/cmalav02/public_html/soloplancho/tmp/cache/models/cake_model_default_orden_servicios) [<a href='http://php.net/function.fopen'>function.fopen</a>]: failed to open stream: Permission denied in [/opt/cakephp/cake/libs/cache/file.php, line 142]
2016-03-06 19:06:14 Warning: Warning (2): fopen(/home/cmalav02/public_html/soloplancho/tmp/cache/models/cake_model_default_clientes) [<a href='http://php.net/function.fopen'>function.fopen</a>]: failed to open stream: Permission denied in [/opt/cakephp/cake/libs/cache/file.php, line 142]
2016-03-06 19:06:14 Warning: Warning (2): fopen(/home/cmalav02/public_html/soloplancho/tmp/cache/models/cake_model_default_balanzas) [<a href='http://php.net/function.fopen'>function.fopen</a>]: failed to open stream: Permission denied in [/opt/cakephp/cake/libs/cache/file.php, line 142]
2016-03-06 19:06:14 Warning: Warning (2): fopen(/home/cmalav02/public_html/soloplancho/tmp/cache/models/cake_model_default_direccion_cliente) [<a href='http://php.net/function.fopen'>function.fopen</a>]: failed to open stream: Permission denied in [/opt/cakephp/cake/libs/cache/file.php, line 142]
2016-03-06 19:06:14 Warning: Warning (2): fopen(/home/cmalav02/public_html/soloplancho/tmp/cache/models/cake_model_default_orden_articulos) [<a href='http://php.net/function.fopen'>function.fopen</a>]: failed to open stream: Permission denied in [/opt/cakephp/cake/libs/cache/file.php, line 142]
2016-03-06 19:06:14 Warning: Warning (2): fopen(/home/cmalav02/public_html/soloplancho/tmp/cache/models/cake_model_default_articulos) [<a href='http://php.net/function.fopen'>function.fopen</a>]: failed to open stream: Permission denied in [/opt/cakephp/cake/libs/cache/file.php, line 142]
2016-03-06 19:06:14 Warning: Warning (2): fopen(/home/cmalav02/public_html/soloplancho/tmp/cache/models/cake_model_default_codbarra_articulos) [<a href='http://php.net/function.fopen'>function.fopen</a>]: failed to open stream: Permission denied in [/opt/cakephp/cake/libs/cache/file.php, line 142]
2016-03-06 19:06:14 Warning: Warning (2): fopen(/home/cmalav02/public_html/soloplancho/tmp/cache/persistent/cake_core_debug_kit_es-es) [<a href='http://php.net/function.fopen'>function.fopen</a>]: failed to open stream: Permission denied in [/opt/cakephp/cake/libs/cache/file.php, line 142]
2016-03-06 19:06:14 Warning: Warning (2): fopen(/home/cmalav02/public_html/soloplancho/tmp/cache/persistent/cake_core_default_es-es) [<a href='http://php.net/function.fopen'>function.fopen</a>]: failed to open stream: Permission denied in [/opt/cakephp/cake/libs/cache/file.php, line 142]
2016-03-06 19:06:14 Warning: Warning (2): fopen(/home/cmalav02/public_html/soloplancho/tmp/cache/persistent/cake_core_dir_map) [<a href='http://php.net/function.fopen'>function.fopen</a>]: failed to open stream: Permission denied in [/opt/cakephp/cake/libs/cache/file.php, line 142]
2016-03-06 19:06:14 Warning: Warning (2): fopen(/home/cmalav02/public_html/soloplancho/tmp/cache/persistent/cake_core_file_map) [<a href='http://php.net/function.fopen'>function.fopen</a>]: failed to open stream: Permission denied in [/opt/cakephp/cake/libs/cache/file.php, line 142]
2016-03-06 19:06:14 Warning: Warning (2): fopen(/home/cmalav02/public_html/soloplancho/tmp/cache/persistent/cake_core_object_map) [<a href='http://php.net/function.fopen'>function.fopen</a>]: failed to open stream: Permission denied in [/opt/cakephp/cake/libs/cache/file.php, line 142]
2016-03-06 19:06:15 Warning: Warning (2): fopen(/home/cmalav02/public_html/soloplancho/tmp/cache/persistent/cake_core_dir_map) [<a href='http://php.net/function.fopen'>function.fopen</a>]: failed to open stream: Permission denied in [/opt/cakephp/cake/libs/cache/file.php, line 142]
2016-03-06 19:06:15 Warning: Warning (2): fopen(/home/cmalav02/public_html/soloplancho/tmp/cache/persistent/cake_core_dir_map) [<a href='http://php.net/function.fopen'>function.fopen</a>]: failed to open stream: Permission denied in [/opt/cakephp/cake/libs/cache/file.php, line 142]
2016-03-06 19:06:15 Warning: Warning (2): fopen(/home/cmalav02/public_html/soloplancho/tmp/cache/persistent/cake_core_file_map) [<a href='http://php.net/function.fopen'>function.fopen</a>]: failed to open stream: Permission denied in [/opt/cakephp/cake/libs/cache/file.php, line 142]
2016-03-06 19:06:15 Warning: Warning (2): fopen(/home/cmalav02/public_html/soloplancho/tmp/cache/persistent/cake_core_file_map) [<a href='http://php.net/function.fopen'>function.fopen</a>]: failed to open stream: Permission denied in [/opt/cakephp/cake/libs/cache/file.php, line 142]
2016-03-06 19:06:15 Warning: Warning (2): fopen(/home/cmalav02/public_html/soloplancho/tmp/cache/persistent/cake_core_object_map) [<a href='http://php.net/function.fopen'>function.fopen</a>]: failed to open stream: Permission denied in [/opt/cakephp/cake/libs/cache/file.php, line 142]
2016-03-06 19:06:15 Warning: Warning (2): fopen(/home/cmalav02/public_html/soloplancho/tmp/cache/persistent/cake_core_object_map) [<a href='http://php.net/function.fopen'>function.fopen</a>]: failed to open stream: Permission denied in [/opt/cakephp/cake/libs/cache/file.php, line 142]
2016-03-06 19:06:15 Warning: Warning (2): fopen(/home/cmalav02/public_html/soloplancho/tmp/cache/persistent/cake_core_dir_map) [<a href='http://php.net/function.fopen'>function.fopen</a>]: failed to open stream: Permission denied in [/opt/cakephp/cake/libs/cache/file.php, line 142]
2016-03-06 19:06:15 Warning: Warning (2): fopen(/home/cmalav02/public_html/soloplancho/tmp/cache/persistent/cake_core_file_map) [<a href='http://php.net/function.fopen'>function.fopen</a>]: failed to open stream: Permission denied in [/opt/cakephp/cake/libs/cache/file.php, line 142]
2016-03-06 19:06:15 Warning: Warning (2): fopen(/home/cmalav02/public_html/soloplancho/tmp/cache/persistent/cake_core_object_map) [<a href='http://php.net/function.fopen'>function.fopen</a>]: failed to open stream: Permission denied in [/opt/cakephp/cake/libs/cache/file.php, line 142]
2016-03-06 19:08:05 Warning: Warning (2): fopen(/home/cmalav02/public_html/soloplancho/tmp/cache/models/cake_model_default_soloplancho_list) [<a href='http://php.net/function.fopen'>function.fopen</a>]: failed to open stream: Permission denied in [/opt/cakephp/cake/libs/cache/file.php, line 142]
2016-03-06 19:08:05 Warning: Warning (2): fopen(/home/cmalav02/public_html/soloplancho/tmp/cache/models/cake_model_default_usuarios) [<a href='http://php.net/function.fopen'>function.fopen</a>]: failed to open stream: Permission denied in [/opt/cakephp/cake/libs/cache/file.php, line 142]
2016-03-06 19:08:05 Warning: Warning (2): fopen(/home/cmalav02/public_html/soloplancho/tmp/cache/models/cake_model_default_empresas) [<a href='http://php.net/function.fopen'>function.fopen</a>]: failed to open stream: Permission denied in [/opt/cakephp/cake/libs/cache/file.php, line 142]
2016-03-06 19:08:05 Warning: Warning (2): fopen(/home/cmalav02/public_html/soloplancho/tmp/cache/models/cake_model_default_usuario_ordenes) [<a href='http://php.net/function.fopen'>function.fopen</a>]: failed to open stream: Permission denied in [/opt/cakephp/cake/libs/cache/file.php, line 142]
2016-03-06 19:08:05 Warning: Warning (2): fopen(/home/cmalav02/public_html/soloplancho/tmp/cache/models/cake_model_default_orden_servicios) [<a href='http://php.net/function.fopen'>function.fopen</a>]: failed to open stream: Permission denied in [/opt/cakephp/cake/libs/cache/file.php, line 142]
2016-03-06 19:08:05 Warning: Warning (2): fopen(/home/cmalav02/public_html/soloplancho/tmp/cache/models/cake_model_default_clientes) [<a href='http://php.net/function.fopen'>function.fopen</a>]: failed to open stream: Permission denied in [/opt/cakephp/cake/libs/cache/file.php, line 142]
2016-03-06 19:08:05 Warning: Warning (2): fopen(/home/cmalav02/public_html/soloplancho/tmp/cache/models/cake_model_default_balanzas) [<a href='http://php.net/function.fopen'>function.fopen</a>]: failed to open stream: Permission denied in [/opt/cakephp/cake/libs/cache/file.php, line 142]
2016-03-06 19:08:05 Warning: Warning (2): fopen(/home/cmalav02/public_html/soloplancho/tmp/cache/models/cake_model_default_direccion_cliente) [<a href='http://php.net/function.fopen'>function.fopen</a>]: failed to open stream: Permission denied in [/opt/cakephp/cake/libs/cache/file.php, line 142]
2016-03-06 19:08:05 Warning: Warning (2): fopen(/home/cmalav02/public_html/soloplancho/tmp/cache/models/cake_model_default_orden_articulos) [<a href='http://php.net/function.fopen'>function.fopen</a>]: failed to open stream: Permission denied in [/opt/cakephp/cake/libs/cache/file.php, line 142]
2016-03-06 19:08:05 Warning: Warning (2): fopen(/home/cmalav02/public_html/soloplancho/tmp/cache/models/cake_model_default_articulos) [<a href='http://php.net/function.fopen'>function.fopen</a>]: failed to open stream: Permission denied in [/opt/cakephp/cake/libs/cache/file.php, line 142]
2016-03-06 19:08:05 Warning: Warning (2): fopen(/home/cmalav02/public_html/soloplancho/tmp/cache/models/cake_model_default_codbarra_articulos) [<a href='http://php.net/function.fopen'>function.fopen</a>]: failed to open stream: Permission denied in [/opt/cakephp/cake/libs/cache/file.php, line 142]
2016-03-06 19:08:05 Warning: Warning (2): fopen(/home/cmalav02/public_html/soloplancho/tmp/cache/persistent/cake_core_debug_kit_es-es) [<a href='http://php.net/function.fopen'>function.fopen</a>]: failed to open stream: Permission denied in [/opt/cakephp/cake/libs/cache/file.php, line 142]
2016-03-06 19:08:05 Warning: Warning (2): fopen(/home/cmalav02/public_html/soloplancho/tmp/cache/persistent/cake_core_default_es-es) [<a href='http://php.net/function.fopen'>function.fopen</a>]: failed to open stream: Permission denied in [/opt/cakephp/cake/libs/cache/file.php, line 142]
2016-03-06 19:08:05 Warning: Warning (2): fopen(/home/cmalav02/public_html/soloplancho/tmp/cache/persistent/cake_core_dir_map) [<a href='http://php.net/function.fopen'>function.fopen</a>]: failed to open stream: Permission denied in [/opt/cakephp/cake/libs/cache/file.php, line 142]
2016-03-06 19:08:05 Warning: Warning (2): fopen(/home/cmalav02/public_html/soloplancho/tmp/cache/persistent/cake_core_file_map) [<a href='http://php.net/function.fopen'>function.fopen</a>]: failed to open stream: Permission denied in [/opt/cakephp/cake/libs/cache/file.php, line 142]
2016-03-06 19:08:05 Warning: Warning (2): fopen(/home/cmalav02/public_html/soloplancho/tmp/cache/persistent/cake_core_object_map) [<a href='http://php.net/function.fopen'>function.fopen</a>]: failed to open stream: Permission denied in [/opt/cakephp/cake/libs/cache/file.php, line 142]
2016-03-06 19:08:05 Warning: Warning (2): fopen(/home/cmalav02/public_html/soloplancho/tmp/cache/persistent/cake_core_dir_map) [<a href='http://php.net/function.fopen'>function.fopen</a>]: failed to open stream: Permission denied in [/opt/cakephp/cake/libs/cache/file.php, line 142]
2016-03-06 19:08:05 Warning: Warning (2): fopen(/home/cmalav02/public_html/soloplancho/tmp/cache/persistent/cake_core_dir_map) [<a href='http://php.net/function.fopen'>function.fopen</a>]: failed to open stream: Permission denied in [/opt/cakephp/cake/libs/cache/file.php, line 142]
2016-03-06 19:08:05 Warning: Warning (2): fopen(/home/cmalav02/public_html/soloplancho/tmp/cache/persistent/cake_core_file_map) [<a href='http://php.net/function.fopen'>function.fopen</a>]: failed to open stream: Permission denied in [/opt/cakephp/cake/libs/cache/file.php, line 142]
2016-03-06 19:08:05 Warning: Warning (2): fopen(/home/cmalav02/public_html/soloplancho/tmp/cache/persistent/cake_core_object_map) [<a href='http://php.net/function.fopen'>function.fopen</a>]: failed to open stream: Permission denied in [/opt/cakephp/cake/libs/cache/file.php, line 142]
2016-03-06 19:08:05 Warning: Warning (2): fopen(/home/cmalav02/public_html/soloplancho/tmp/cache/persistent/cake_core_file_map) [<a href='http://php.net/function.fopen'>function.fopen</a>]: failed to open stream: Permission denied in [/opt/cakephp/cake/libs/cache/file.php, line 142]
2016-03-06 19:08:05 Warning: Warning (2): fopen(/home/cmalav02/public_html/soloplancho/tmp/cache/persistent/cake_core_object_map) [<a href='http://php.net/function.fopen'>function.fopen</a>]: failed to open stream: Permission denied in [/opt/cakephp/cake/libs/cache/file.php, line 142]
2016-03-06 19:08:05 Warning: Warning (2): fopen(/home/cmalav02/public_html/soloplancho/tmp/cache/persistent/cake_core_dir_map) [<a href='http://php.net/function.fopen'>function.fopen</a>]: failed to open stream: Permission denied in [/opt/cakephp/cake/libs/cache/file.php, line 142]
2016-03-06 19:08:05 Warning: Warning (2): fopen(/home/cmalav02/public_html/soloplancho/tmp/cache/persistent/cake_core_file_map) [<a href='http://php.net/function.fopen'>function.fopen</a>]: failed to open stream: Permission denied in [/opt/cakephp/cake/libs/cache/file.php, line 142]
2016-03-06 19:08:05 Warning: Warning (2): fopen(/home/cmalav02/public_html/soloplancho/tmp/cache/persistent/cake_core_object_map) [<a href='http://php.net/function.fopen'>function.fopen</a>]: failed to open stream: Permission denied in [/opt/cakephp/cake/libs/cache/file.php, line 142]
2016-03-07 21:40:54 Warning: Warning (512): <span style="color:Red;text-align:left"><b>SQL Error:</b> 1054: Unknown column 'Usuario.email' in 'field list'</span> in [/opt/cakephp/cake/libs/model/datasources/dbo_source.php, line 684]
